<?xml version="1.0" encoding="UTF-8"?>
<!-- Generated by org.testng.reporters.JUnitXMLReporter -->
<testsuite ignored="12" hostname="DESKTOP-ED62TT4" failures="0" tests="5" name="Smoke Tests" time="34.41" errors="0" timestamp="2026-03-28T12:18:28 IST">
  <testcase classname="tests.LoginTest" name="testValidLogin" time="1.614"/>
  <testcase classname="tests.LoginTest" name="testLogout" time="1.691"/>
  <testcase classname="tests.CheckoutTest" name="testCompleteCheckout" time="1.563"/>
  <testcase classname="tests.CheckoutTest" name="testCompleteCheckout" time="1.542"/>
  <testcase classname="tests.CheckoutTest" name="testCompleteCheckout" time="1.476"/>
  <testcase classname="tests.LoginTest" name="testLockedOutUser" time="0.0">
    <ignored/>
  </testcase> <!-- testLockedOutUser -->
  <testcase classname="tests.CheckoutTest" name="testOrderTotalDisplayed" time="0.0">
    <ignored/>
  </testcase> <!-- testOrderTotalDisplayed -->
  <testcase classname="tests.LoginTest" name="testEmptyPassword" time="0.0">
    <ignored/>
  </testcase> <!-- testEmptyPassword -->
  <testcase classname="tests.LoginTest" name="testEmptyUsername" time="0.0">
    <ignored/>
  </testcase> <!-- testEmptyUsername -->
  <testcase classname="tests.LoginTest" name="testInvalidPassword" time="0.0">
    <ignored/>
  </testcase> <!-- testInvalidPassword -->
  <testcase classname="Base.BaseTest" name="@BeforeSuite beforeSuite" time="0.0">
    <ignored/>
  </testcase> <!-- @BeforeSuite beforeSuite -->
  <testcase classname="tests.CheckoutTest" name="testCheckoutWithMissingFirstName" time="0.0">
    <ignored/>
  </testcase> <!-- testCheckoutWithMissingFirstName -->
  <testcase classname="tests.CheckoutTest" name="testCheckoutWithMissingZip" time="0.0">
    <ignored/>
  </testcase> <!-- testCheckoutWithMissingZip -->
  <testcase classname="tests.CheckoutTest" name="testCartContainsAddedItems" time="0.0">
    <ignored/>
  </testcase> <!-- testCartContainsAddedItems -->
  <testcase classname="tests.CheckoutTest" name="testContinueShoppingFromCart" time="0.0">
    <ignored/>
  </testcase> <!-- testContinueShoppingFromCart -->
  <testcase classname="tests.LoginTest" name="testLoginDataDriven" time="0.0">
    <ignored/>
  </testcase> <!-- testLoginDataDriven -->
  <testcase classname="Base.BaseTest" name="@AfterSuite afterSuite" time="0.0">
    <ignored/>
  </testcase> <!-- @AfterSuite afterSuite -->
</testsuite> <!-- Smoke Tests -->
