<?xml version="1.0" encoding="UTF-8"?>
<!-- Generated by org.testng.reporters.JUnitReportReporter -->
<testsuite hostname="DESKTOP-ED62TT4" failures="0" tests="3" name="tests.CheckoutTest" time="18.527" errors="0" timestamp="2026-03-28T12:18:29 IST" skipped="0">
  <testcase classname="tests.CheckoutTest" name="testCompleteCheckout" time="6.563"/>
  <testcase classname="tests.CheckoutTest" name="testCompleteCheckout" time="5.721"/>
  <testcase classname="tests.CheckoutTest" name="testCompleteCheckout" time="6.243"/>
</testsuite> <!-- tests.CheckoutTest -->
